#VCS Version: G-2012.09

# File : mvsim_native_reports/isolation_association.rpt.
# This file is generated by MVSIM.
# It contains effective/virtual ISO+LS policy association used by MVSIM simulation engine.

set UPF_DESIGN_TOP tb/dut

######## POWER DOMAIN tb/dut/EXEC ###########

# Number of Locations for Instrumentation: 1
set ISO_SIGNET_PORT(1) { { exec_unit/odata[7] -policy exec_iso_out -domain EXEC }
{ -isolation_signal iso_enable -isolation_sense high -clamp_value 0 -location parent }
{ -instrumented_node exec_odata[7] } }

# Number of Locations for Instrumentation: 1
set ISO_SIGNET_PORT(2) { { exec_unit/odata[6] -policy exec_iso_out -domain EXEC }
{ -isolation_signal iso_enable -isolation_sense high -clamp_value 0 -location parent }
{ -instrumented_node exec_odata[6] } }

# Number of Locations for Instrumentation: 1
set ISO_SIGNET_PORT(3) { { exec_unit/odata[5] -policy exec_iso_out -domain EXEC }
{ -isolation_signal iso_enable -isolation_sense high -clamp_value 0 -location parent }
{ -instrumented_node exec_odata[5] } }

# Number of Locations for Instrumentation: 1
set ISO_SIGNET_PORT(4) { { exec_unit/odata[4] -policy exec_iso_out -domain EXEC }
{ -isolation_signal iso_enable -isolation_sense high -clamp_value 0 -location parent }
{ -instrumented_node exec_odata[4] } }

# Number of Locations for Instrumentation: 1
set ISO_SIGNET_PORT(5) { { exec_unit/odata[3] -policy exec_iso_out -domain EXEC }
{ -isolation_signal iso_enable -isolation_sense high -clamp_value 0 -location parent }
{ -instrumented_node exec_odata[3] } }

# Number of Locations for Instrumentation: 1
set ISO_SIGNET_PORT(6) { { exec_unit/odata[2] -policy exec_iso_out -domain EXEC }
{ -isolation_signal iso_enable -isolation_sense high -clamp_value 0 -location parent }
{ -instrumented_node exec_odata[2] } }

# Number of Locations for Instrumentation: 1
set ISO_SIGNET_PORT(7) { { exec_unit/odata[0] -policy exec_iso_out -domain EXEC }
{ -isolation_signal iso_enable -isolation_sense high -clamp_value 0 -location parent }
{ -instrumented_node exec_odata[0] } }

# Number of Locations for Instrumentation: 1
set ISO_SIGNET_PORT(8) { { exec_unit/odata[1] -policy exec_iso_out -domain EXEC }
{ -isolation_signal iso_enable -isolation_sense high -clamp_value 0 -location parent }
{ -instrumented_node exec_odata[1] } }

# Number of Locations for Instrumentation: 1
set ISO_SIGNET_PORT(9) { { exec_unit/ofifo_push -policy exec_iso_out -domain EXEC }
{ -isolation_signal iso_enable -isolation_sense high -clamp_value 0 -location parent }
{ -instrumented_node exec_push } }

# Number of Locations for Instrumentation: 1
set ISO_SIGNET_PORT(10) { { exec_unit/ififo_pop -policy exec_iso_out -domain EXEC }
{ -isolation_signal iso_enable -isolation_sense high -clamp_value 0 -location parent }
{ -instrumented_node exec_pop } }

# Number of Locations for Instrumentation: 1
set ISO_SIGNET_PORT(11) { { exec_unit/exec_idle -policy exec_iso_out -domain EXEC }
{ -isolation_signal iso_enable -isolation_sense high -clamp_value 0 -location parent }
{ -instrumented_node exec_idle } }

#------------------------------------------------------------------------------------------

######## POWER DOMAIN tb/dut/TOP ###########
#INFO: No Policy is associated with this Power Domain.

#------------------------------------------------------------------------------------------

######## POWER DOMAIN InternalPD ###########
#INFO: No Policy is associated with this Power Domain.

#------------------------------------------------------------------------------------------
