--------------------------------------------------------------------------------
--------------------------------------------------------------------------------
----------------------------- Supply Set Equivalence ----------------------------

	Generated by VCS-G-2012.09 (Build Date = Aug 24 2012 00:09:29) on Tue Nov 13 02:48:58 2012.
	Copyright (c) 1991-2012 by Synopsys Inc.
	Description : This report lists out all the equivalent Supply Sets for Isolation

--------------------------------------------------------------------------------
--------------------------------------------------------------------------------

Power Source 'tb/dut/VDD' : Ground Source 'tb/dut/VSS'
		Equivalent Supply Sets : tb/dut/TOP.primary, tb/dut/EXEC.exec_iso_out.isolation_supply_set

Power Source 'tb/dut/exec_sw/out' : Ground Source 'tb/dut/VSS'
		Equivalent Supply Sets : tb/dut/EXEC.primary

Power Source 'tb/dut/TOP.default_isolation.power' : Ground Source 'tb/dut/TOP.default_isolation.ground'
		Equivalent Supply Sets : tb/dut/TOP.default_isolation

Power Source 'tb/dut/TOP.default_retention.power' : Ground Source 'tb/dut/TOP.default_retention.ground'
		Equivalent Supply Sets : tb/dut/TOP.default_retention

Power Source 'tb/dut/EXEC.default_isolation.power' : Ground Source 'tb/dut/EXEC.default_isolation.ground'
		Equivalent Supply Sets : tb/dut/EXEC.default_isolation

Power Source 'tb/dut/EXEC.default_retention.power' : Ground Source 'tb/dut/EXEC.default_retention.ground'
		Equivalent Supply Sets : tb/dut/EXEC.default_retention

