--------------------------------------------------------------------------------
--------------------------------------------------------------------------------
----------------------------- Low Power State Machine(s) Function Coverage ----------------------------

	Generated by VCS-G-2012.09 (Build Date = Aug 24 2012 00:09:29) on Tue Nov 13 02:48:58 2012.
	Copyright (c) 1991-2012 by Synopsys Inc.
	Description : This report has details on all the State Machines and its states, transitions and sequences used for low power functional coverage.

--------------------------------------------------------------------------------
--------------------------------------------------------------------------------

--------------------------------------------------------------------------------
---------- State Machine (Power Switch) : tb/dut/exec_sw.switch_state ----------
--------------------------------------------------------------------------------
STATE                         	LEGAL   	USER DEFINED 	USED
--------------------------------------------------------------------------------
INVALID             	Illegal 	Pre Defined  	Used
exec_on_state       	Legal   	User Defined 	Used
--------------------------------------------------------------------------------

Automatically inferred transitions
--------------------------------------------------------------------------------
Illegal Transition : INVALID => exec_on_state
Illegal Transition : exec_on_state => INVALID
--------------------------------------------------------------------------------
--------------------------------------------------------------------------------

--------------------------------------------------------------------------------
---------- State Machine (Supply Set Power State) : tb/dut/TOP.primary.power_state ----------
--------------------------------------------------------------------------------
STATE                         	LEGAL   	USER DEFINED 	USED
--------------------------------------------------------------------------------
DEFAULT_NORMAL      	Legal   	Pre Defined  	Used
DEFAULT_CORRUPT     	Legal   	Pre Defined  	Used
--------------------------------------------------------------------------------

Automatically inferred transitions
--------------------------------------------------------------------------------
Legal Transition : DEFAULT_NORMAL => DEFAULT_CORRUPT
Legal Transition : DEFAULT_CORRUPT => DEFAULT_NORMAL
--------------------------------------------------------------------------------
--------------------------------------------------------------------------------

--------------------------------------------------------------------------------
---------- State Machine (Supply Set Simstate) : tb/dut/TOP.primary.simstate ----------
--------------------------------------------------------------------------------
STATE                         	LEGAL   	USER DEFINED 	USED
--------------------------------------------------------------------------------
CORRUPT_ON_ACTIVITY 	Legal   	User Defined 	Unused
CORRUPT_STATE_ON_ACTIVITY	Legal   	User Defined 	Unused
NORMAL              	Legal   	User Defined 	Used
CORRUPT             	Legal   	User Defined 	Used
CORRUPT_STATE_ON_CHANGE	Legal   	User Defined 	Unused
--------------------------------------------------------------------------------

Automatically inferred transitions
--------------------------------------------------------------------------------
Legal Transition : NORMAL => CORRUPT
Legal Transition : CORRUPT => NORMAL
--------------------------------------------------------------------------------
--------------------------------------------------------------------------------

--------------------------------------------------------------------------------
---------- State Machine (Supply Set Power State) : tb/dut/EXEC.primary.power_state ----------
--------------------------------------------------------------------------------
STATE                         	LEGAL   	USER DEFINED 	USED
--------------------------------------------------------------------------------
DEFAULT_NORMAL      	Legal   	Pre Defined  	Used
DEFAULT_CORRUPT     	Legal   	Pre Defined  	Used
--------------------------------------------------------------------------------

Automatically inferred transitions
--------------------------------------------------------------------------------
Legal Transition : DEFAULT_NORMAL => DEFAULT_CORRUPT
Legal Transition : DEFAULT_CORRUPT => DEFAULT_NORMAL
--------------------------------------------------------------------------------
--------------------------------------------------------------------------------

--------------------------------------------------------------------------------
---------- State Machine (Supply Set Simstate) : tb/dut/EXEC.primary.simstate ----------
--------------------------------------------------------------------------------
STATE                         	LEGAL   	USER DEFINED 	USED
--------------------------------------------------------------------------------
CORRUPT_ON_ACTIVITY 	Legal   	User Defined 	Unused
CORRUPT_STATE_ON_ACTIVITY	Legal   	User Defined 	Unused
NORMAL              	Legal   	User Defined 	Used
CORRUPT             	Legal   	User Defined 	Used
CORRUPT_STATE_ON_CHANGE	Legal   	User Defined 	Unused
--------------------------------------------------------------------------------

Automatically inferred transitions
--------------------------------------------------------------------------------
Legal Transition : NORMAL => CORRUPT
Legal Transition : CORRUPT => NORMAL
--------------------------------------------------------------------------------
--------------------------------------------------------------------------------

--------------------------------------------------------------------------------
---------- State Machine (Supply Set Simstate) : tb/dut/TOP.default_isolation.simstate ----------
--------------------------------------------------------------------------------
STATE                         	LEGAL   	USER DEFINED 	USED
--------------------------------------------------------------------------------
CORRUPT_ON_ACTIVITY 	Legal   	User Defined 	Unused
CORRUPT_STATE_ON_ACTIVITY	Legal   	User Defined 	Unused
NORMAL              	Legal   	User Defined 	Used
CORRUPT             	Legal   	User Defined 	Used
CORRUPT_STATE_ON_CHANGE	Legal   	User Defined 	Unused
--------------------------------------------------------------------------------

Automatically inferred transitions
--------------------------------------------------------------------------------
Legal Transition : NORMAL => CORRUPT
Legal Transition : CORRUPT => NORMAL
--------------------------------------------------------------------------------
--------------------------------------------------------------------------------

--------------------------------------------------------------------------------
---------- State Machine (Supply Set Simstate) : tb/dut/EXEC.default_isolation.simstate ----------
--------------------------------------------------------------------------------
STATE                         	LEGAL   	USER DEFINED 	USED
--------------------------------------------------------------------------------
CORRUPT_ON_ACTIVITY 	Legal   	User Defined 	Unused
CORRUPT_STATE_ON_ACTIVITY	Legal   	User Defined 	Unused
NORMAL              	Legal   	User Defined 	Used
CORRUPT             	Legal   	User Defined 	Used
CORRUPT_STATE_ON_CHANGE	Legal   	User Defined 	Unused
--------------------------------------------------------------------------------

Automatically inferred transitions
--------------------------------------------------------------------------------
Legal Transition : NORMAL => CORRUPT
Legal Transition : CORRUPT => NORMAL
--------------------------------------------------------------------------------
--------------------------------------------------------------------------------

--------------------------------------------------------------------------------
---------- State Machine (Supply Set Simstate) : tb/dut/TOP.default_retention.simstate ----------
--------------------------------------------------------------------------------
STATE                         	LEGAL   	USER DEFINED 	USED
--------------------------------------------------------------------------------
CORRUPT_ON_ACTIVITY 	Legal   	User Defined 	Unused
CORRUPT_STATE_ON_ACTIVITY	Legal   	User Defined 	Unused
NORMAL              	Legal   	User Defined 	Used
CORRUPT             	Legal   	User Defined 	Used
CORRUPT_STATE_ON_CHANGE	Legal   	User Defined 	Unused
--------------------------------------------------------------------------------

Automatically inferred transitions
--------------------------------------------------------------------------------
Legal Transition : NORMAL => CORRUPT
Legal Transition : CORRUPT => NORMAL
--------------------------------------------------------------------------------
--------------------------------------------------------------------------------

--------------------------------------------------------------------------------
---------- State Machine (Supply Set Power State) : tb/dut/EXEC.exec_iso_out.isolation_supply_set.power_state ----------
--------------------------------------------------------------------------------
STATE                         	LEGAL   	USER DEFINED 	USED
--------------------------------------------------------------------------------
DEFAULT_NORMAL      	Legal   	Pre Defined  	Used
DEFAULT_CORRUPT     	Legal   	Pre Defined  	Used
--------------------------------------------------------------------------------

Automatically inferred transitions
--------------------------------------------------------------------------------
Legal Transition : DEFAULT_NORMAL => DEFAULT_CORRUPT
Legal Transition : DEFAULT_CORRUPT => DEFAULT_NORMAL
--------------------------------------------------------------------------------
--------------------------------------------------------------------------------

--------------------------------------------------------------------------------
---------- State Machine (Supply Set Simstate) : tb/dut/EXEC.exec_iso_out.isolation_supply_set.simstate ----------
--------------------------------------------------------------------------------
STATE                         	LEGAL   	USER DEFINED 	USED
--------------------------------------------------------------------------------
CORRUPT_ON_ACTIVITY 	Legal   	User Defined 	Unused
CORRUPT_STATE_ON_ACTIVITY	Legal   	User Defined 	Unused
NORMAL              	Legal   	User Defined 	Used
CORRUPT             	Legal   	User Defined 	Used
CORRUPT_STATE_ON_CHANGE	Legal   	User Defined 	Unused
--------------------------------------------------------------------------------

Automatically inferred transitions
--------------------------------------------------------------------------------
Legal Transition : NORMAL => CORRUPT
Legal Transition : CORRUPT => NORMAL
--------------------------------------------------------------------------------
--------------------------------------------------------------------------------

--------------------------------------------------------------------------------
---------- State Machine (Supply Set Simstate) : tb/dut/EXEC.default_retention.simstate ----------
--------------------------------------------------------------------------------
STATE                         	LEGAL   	USER DEFINED 	USED
--------------------------------------------------------------------------------
CORRUPT_ON_ACTIVITY 	Legal   	User Defined 	Unused
CORRUPT_STATE_ON_ACTIVITY	Legal   	User Defined 	Unused
NORMAL              	Legal   	User Defined 	Used
CORRUPT             	Legal   	User Defined 	Used
CORRUPT_STATE_ON_CHANGE	Legal   	User Defined 	Unused
--------------------------------------------------------------------------------

Automatically inferred transitions
--------------------------------------------------------------------------------
Legal Transition : NORMAL => CORRUPT
Legal Transition : CORRUPT => NORMAL
--------------------------------------------------------------------------------
--------------------------------------------------------------------------------

