--------------------------------------------------------------------------------
--------------------------------------------------------------------------------
----------------------------- Supply Root Details ----------------------------

	Generated by VCS-G-2012.09 (Build Date = Aug 24 2012 00:09:29) on Tue Nov 13 02:48:58 2012.
	Copyright (c) 1991-2012 by Synopsys Inc.
	Description : This report has details on all the type of supply roots in the design

--------------------------------------------------------------------------------
--------------------------------------------------------------------------------

Supply Source : tb/dut/VDD : Id = 1 : Type = Supply Port : Driving Net = tb/dut/VDD
		Voltage Range From State : min = 0.00, max = 1.00


Supply Source : tb/dut/VSS : Id = 2 : Type = Supply Port : Driving Net = tb/dut/VSS
		Voltage Range From State : min = 0.00, max = 1.00


Supply Source : tb/dut/VDDG : Id = 3 : Type = Supply Port : Driving Net = tb/dut/VDDG
		Voltage Range From State : min = 0.00, max = 1.00


Supply Source : tb/dut/exec_sw/out : Id = 4 : Type = Supply Port : Driving Net = tb/dut/VDDGS
		Voltage Range From State : min = 0.00, max = 1.00


Supply Source : tb/dut/TOP.default_isolation.power : Id = 5 : Type = Supply Net : Driving Net = tb/dut/TOP.default_isolation.power
		Voltage Range From State : min = 0.00, max = 1.00


Supply Source : tb/dut/TOP.default_isolation.ground : Id = 6 : Type = Supply Net : Driving Net = tb/dut/TOP.default_isolation.ground
		Voltage Range From State : min = 0.00, max = 1.00


Supply Source : tb/dut/TOP.default_retention.power : Id = 7 : Type = Supply Net : Driving Net = tb/dut/TOP.default_retention.power
		Voltage Range From State : min = 0.00, max = 1.00


Supply Source : tb/dut/TOP.default_retention.ground : Id = 8 : Type = Supply Net : Driving Net = tb/dut/TOP.default_retention.ground
		Voltage Range From State : min = 0.00, max = 1.00


Supply Source : tb/dut/EXEC.default_isolation.power : Id = 9 : Type = Supply Net : Driving Net = tb/dut/EXEC.default_isolation.power
		Voltage Range From State : min = 0.00, max = 1.00


Supply Source : tb/dut/EXEC.default_isolation.ground : Id = 10 : Type = Supply Net : Driving Net = tb/dut/EXEC.default_isolation.ground
		Voltage Range From State : min = 0.00, max = 1.00


Supply Source : tb/dut/EXEC.default_retention.power : Id = 11 : Type = Supply Net : Driving Net = tb/dut/EXEC.default_retention.power
		Voltage Range From State : min = 0.00, max = 1.00


Supply Source : tb/dut/EXEC.default_retention.ground : Id = 12 : Type = Supply Net : Driving Net = tb/dut/EXEC.default_retention.ground
		Voltage Range From State : min = 0.00, max = 1.00


