--------------------------------------------------------------------------------
--------------------------------------------------------------------------------
----------------------------- Supply Net Details ----------------------------

	Generated by VCS-G-2012.09 (Build Date = Aug 24 2012 00:09:29) on Tue Nov 13 02:48:58 2012.
	Copyright (c) 1991-2012 by Synopsys Inc.
	Description : This report has details on all the type of supply nets in the design

--------------------------------------------------------------------------------
--------------------------------------------------------------------------------

1		tb/dut/TOP.primary.power		Implicit Net		Parallel		tb/dut/VDD		
2		tb/dut/TOP.primary.ground		Implicit Net		Parallel		tb/dut/VSS		
3		tb/dut/TOP.default_isolation.power		Implicit Net		Parallel		tb/dut/TOP.default_isolation.power		
4		tb/dut/TOP.default_isolation.ground		Implicit Net		Parallel		tb/dut/TOP.default_isolation.ground		
5		tb/dut/TOP.default_retention.power		Implicit Net		Parallel		tb/dut/TOP.default_retention.power		
6		tb/dut/TOP.default_retention.ground		Implicit Net		Parallel		tb/dut/TOP.default_retention.ground		
7		tb/dut/EXEC.primary.power		Implicit Net		Parallel		tb/dut/exec_sw/out		
8		tb/dut/EXEC.primary.ground		Implicit Net		Parallel		tb/dut/VSS		
9		tb/dut/EXEC.default_isolation.power		Implicit Net		Parallel		tb/dut/EXEC.default_isolation.power		
10		tb/dut/EXEC.default_isolation.ground		Implicit Net		Parallel		tb/dut/EXEC.default_isolation.ground		
11		tb/dut/EXEC.default_retention.power		Implicit Net		Parallel		tb/dut/EXEC.default_retention.power		
12		tb/dut/EXEC.default_retention.ground		Implicit Net		Parallel		tb/dut/EXEC.default_retention.ground		
13		tb/dut/VDD		Upf Net		Unresolved		tb/dut/VDD		tb/dut/VDD
14		tb/dut/VSS		Upf Net		Unresolved		tb/dut/VSS		tb/dut/VSS
15		tb/dut/VDDG		Upf Net		Unresolved		tb/dut/VDDG		tb/dut/VDDG
16		tb/dut/VDDGS		Upf Net		Unresolved		tb/dut/exec_sw/out		tb/dut/exec_sw/out
17		tb/dut/EXEC.exec_iso_out.isolation_supply_set.power		Implicit Net		Parallel		tb/dut/VDD		
18		tb/dut/EXEC.exec_iso_out.isolation_supply_set.ground		Implicit Net		Parallel		tb/dut/VSS		
