# Preference setting overrides
gui_create_pref_key -category {Globals} -key {load_detail_for_funcov} -value_type {bool} -value {false}

# State setting overrides
gui_state_default_create -off -ini
gui_set_state_value -category Globals -key recent_databases -value {{gui_open_db -file /proj/bobcata_ver_user/vjs/user/mvsim/vcdplus.vpd -design V1} {gui_open_db -file vcdplus.vpd} {gui_open_db -file /proj/bobcata_ver_user/vjs/user/TRIMAC_GMII/v5_emac_v1_8/simulation/functional/vcdplus.vpd -design V1} {gui_open_db -file /proj/bobcata_ver_user/vjs/user/uvm/vcdplus.vpd -design V1} {gui_open_db -file /proj/bobcata_ver_user/vjs/user/uvm_training/ces_uvm-1.1_2011.12/labs/lab4/vcdplus.vpd -design V1}}
gui_set_state_value -category Globals -key recent_sessions -value {{gui_load_session -file /proj/bobcata_ver_user/vjs/user/trimac_coregen/v5_emac_v1_8/simulation/functional/vcs_session.tcl}}
gui_set_state_value -category Layout -key child_console_size_x -value 1501
gui_set_state_value -category Layout -key child_console_size_y -value 267
gui_set_state_value -category Layout -key child_data_coltype -value 69
gui_set_state_value -category Layout -key child_data_colvalue -value 10
gui_set_state_value -category Layout -key child_data_colvariable -value 203
gui_set_state_value -category Layout -key child_data_size_x -value 289
gui_set_state_value -category Layout -key child_data_size_y -value 328
gui_set_state_value -category Layout -key child_hier_colhier -value 187
gui_set_state_value -category Layout -key child_hier_colpd -value 134
gui_set_state_value -category Layout -key child_hier_coltype -value 107
gui_set_state_value -category Layout -key child_hier_size_x -value 438
gui_set_state_value -category Layout -key child_hier_size_y -value 328
gui_set_state_value -category Layout -key child_source_docknewline -value false
gui_set_state_value -category Layout -key child_source_pos_x -value {-2}
gui_set_state_value -category Layout -key child_source_pos_y -value {-15}
gui_set_state_value -category Layout -key child_source_size_x -value 777
gui_set_state_value -category Layout -key child_source_size_y -value 323
gui_set_state_value -category Layout -key child_transaction_col_caller -value 72
gui_set_state_value -category Layout -key child_transaction_col_expand -value 16
gui_set_state_value -category Layout -key child_transaction_col_message -value 281
gui_set_state_value -category Layout -key child_transaction_col_name -value 112
gui_set_state_value -category Layout -key child_transaction_col_relation -value 59
gui_set_state_value -category Layout -key child_transaction_col_scope -value 177
gui_set_state_value -category Layout -key child_transaction_col_severity -value 60
gui_set_state_value -category Layout -key child_transaction_col_target -value 50
gui_set_state_value -category Layout -key child_transaction_col_time -value 93
gui_set_state_value -category Layout -key child_transaction_col_type -value 122
gui_set_state_value -category Layout -key child_transaction_size_x -value 1203
gui_set_state_value -category Layout -key child_transaction_size_y -value 203
gui_set_state_value -category Layout -key child_wave_colname -value 192
gui_set_state_value -category Layout -key child_wave_colvalue -value 42
gui_set_state_value -category Layout -key child_wave_left -value 238
gui_set_state_value -category Layout -key child_wave_right -value 878
gui_set_state_value -category Layout -key main_pos_y -value 22
gui_set_state_value -category Layout -key main_size_x -value 1506
gui_set_state_value -category Layout -key main_size_y -value 724
gui_set_state_value -category Layout -key stand_wave_child_colvalue -value 119
gui_set_state_value -category Layout -key stand_wave_child_docknewline -value false
gui_set_state_value -category Layout -key stand_wave_child_pos_x -value {-2}
gui_set_state_value -category Layout -key stand_wave_child_pos_y -value {-15}
gui_set_state_value -category Layout -key stand_wave_child_right -value 598
gui_set_state_value -category Layout -key stand_wave_child_size_x -value 1126
gui_set_state_value -category Layout -key stand_wave_child_size_y -value 538
gui_set_state_value -category Layout -key stand_wave_top_pos_x -value 5
gui_set_state_value -category Layout -key stand_wave_top_pos_y -value 22
gui_set_state_value -category Layout -key stand_wave_top_size_x -value 1126
gui_set_state_value -category Layout -key stand_wave_top_size_y -value 698
gui_create_state_key -category FindDialog -key m_pMatchCase -value_type bool -value false
gui_create_state_key -category FindDialog -key m_pMatchWord -value_type bool -value false
gui_create_state_key -category FindDialog -key m_pUseCombo -value_type string -value {}
gui_create_state_key -category FindDialog -key m_pWrapAround -value_type bool -value true
gui_state_default_create -off

# Begin command logging
gui_open_db   -file  vcdplus.vpd
gui_list_expand -id  Hier.1   tb
gui_list_select -id Hier.1 -current_item_name tb.dut -current_item_type Scope  -selected  { tb.dut   }
gui_open_window Wave
gui_list_add -id Wave.1 -from Hier.1 { tb.dut } -insertionbar
gui_wv_zoom_timerange -id  Wave.1 0 365
gui_zoom -window Wave.1 -full
gui_marker_move -id  Wave.1 C1 8033
gui_wv_zoom_timerange -id  Wave.1 0 519
gui_wv_zoom_timerange -id  Wave.1 213 277
gui_wv_scroll_vslidermove -id  Wave.1 189
gui_wv_scroll_vslidermove -id  Wave.1 0
gui_zoom -window Wave.1 -full
gui_view_port_history -window Wave.1 -previous
gui_zoom -window Wave.1 -full
gui_wv_zoom_timerange -id  Wave.1 0 853
gui_wv_scroll_vslidermove -id  Wave.1 173
gui_wv_scrolldown -id  Wave.1  page
gui_wv_scroll_vslidermove -id  Wave.1 189
gui_wv_zoom_timerange -id  Wave.1 170 296
gui_wv_scroll_vslidermove -id  Wave.1 0
gui_wv_scroll_vslidermove -id  Wave.1 189
gui_wv_scroll_vslidermove -id  Wave.1 0
gui_list_collapse -id  Wave.1   dut
gui_list_select -id Wave.1 -selected  { {New Group}   }
gui_list_expand -id  Hier.1   tb.dut
gui_list_select -id Hier.1 -current_item_name tb.dut.pmu_i -current_item_type Scope  -selected  { tb.dut.pmu_i   }
gui_list_create_group_when_add -wave -enable
gui_list_add -id Wave.1 -from Hier.1 { tb.dut.pmu_i } -insertionbar
gui_zoom -window Wave.1 -full
gui_wv_zoom_timerange -id  Wave.1 0 501
gui_wv_zoom_timerange -id  Wave.1 179 291
gui_wv_scrolldown -id  Wave.1  page
gui_save_session -reload -default_file
gui_zoom -window Wave.1 -full
gui_wv_zoom_timerange -id  Wave.1 0 779
gui_wv_zoom_timerange -id  Wave.1 182 301
gui_list_collapse -id  Wave.1   pmu_i
gui_list_expand -id  Wave.1   dut
gui_zoom -window Wave.1 -full
gui_wv_zoom_timerange -id  Wave.1 0 965
gui_wv_zoom_timerange -id  Wave.1 170 303
gui_wv_scrollright -id  Wave.1  line
gui_wv_scrollright -id  Wave.1  line
gui_wv_scrollright -id  Wave.1  line
gui_wv_scrollright -id  Wave.1  line
gui_wv_scrollright -id  Wave.1  line
gui_wv_scrollright -id  Wave.1  line
gui_wv_scrollright -id  Wave.1  line
gui_zoom -window Wave.1 -full
gui_wv_zoom_timerange -id  Wave.1 0 668
gui_wv_zoom_timerange -id  Wave.1 155 304
gui_list_select -id Wave.1 -selected  { tb.dut.exec_not_full   }
gui_list_collapse -id  Wave.1   dut
gui_list_expand -id  Wave.1   pmu_i
gui_wv_scroll_vslidermove -id  Wave.1 89
gui_save_session -reload -default_file
gui_zoom -window Wave.1 -full
gui_wv_zoom_timerange -id  Wave.1 0 798
gui_wv_scroll_vslidermove -id  Wave.1 89
gui_wv_scroll_vslidermove -id  Wave.1 0
gui_zoom -window Wave.1 -full
gui_wv_zoom_timerange -id  Wave.1 0 853
gui_list_collapse -id  Wave.1   pmu_i
gui_list_expand -id  Wave.1   dut
gui_list_collapse -id  Wave.1   dut
gui_list_expand -id  Wave.1   pmu_i
gui_zoom -window Wave.1 -full
gui_wv_zoom_timerange -id  Wave.1 9480 11206
gui_list_collapse -id  Wave.1   pmu_i
gui_list_expand -id  Wave.1   dut
gui_marker_move -id  Wave.1 C1 10331
gui_wv_zoom_timerange -id  Wave.1 10153 10440
gui_marker_move -id  Wave.1 C1 10315
gui_marker_move -id  Wave.1 C1 10325
gui_marker_move -id  Wave.1 C1 10335
gui_zoom -window Wave.1 -factor 0.5
gui_zoom -window Wave.1 -factor 0.5
gui_wv_zoom_timerange -id  Wave.1 10217 10396
gui_list_collapse -id  Wave.1   dut
gui_list_select -id Hier.1 -current_item_name tb.dut.ififo -current_item_type Scope  -selected  { tb.dut.ififo   }
gui_list_add -id Wave.1 -from Hier.1 { tb.dut.ififo } -insertionbar
gui_wv_scroll_vslidermove -id  Wave.1 89
gui_wv_zoom_timerange -id  Wave.1 10217 10402
gui_marker_move -id  Wave.1 C1 10319
gui_marker_move -id  Wave.1 C1 10326
gui_save_session -reload -default_file
gui_zoom -window Wave.1 -factor 0.5
gui_zoom -window Wave.1 -factor 0.5
gui_list_collapse -id  Wave.1   ififo
gui_list_expand -id  Wave.1   dut
gui_zoom -window Wave.1 -full
gui_wv_zoom_timerange -id  Wave.1 9961 11266
gui_wv_zoom_timerange -id  Wave.1 10208 10446
gui_zoom -window Wave.1 -full
gui_wv_zoom_timerange -id  Wave.1 0 697
gui_wv_zoom_timerange -id  Wave.1 152 363
gui_list_collapse -id  Wave.1   dut
gui_list_expand -id  Wave.1   pmu_i
gui_zoom -window Wave.1 -full
gui_wv_zoom_timerange -id  Wave.1 0 1145
gui_zoom -window Wave.1 -full
gui_wv_zoom_timerange -id  Wave.1 9693 11105
gui_marker_move -id  Wave.1 C1 10265
gui_zoom -window Wave.1 -full
gui_wv_zoom_timerange -id  Wave.1 9800 11230
gui_zoom -window Wave.1 -full
gui_wv_zoom_timerange -id  Wave.1 0 787
gui_save_session -savedb relative -global { Breakpoint Bus Radix Expression TimeShift Compare SignalGroup Highlight Stack }  -file /proj/bobcata_ver_user/vjs/user/mvsim/session.vcdplus.vpd.tcl
#gui_exit

