--------------------------------------------------------------------------------
--------------------------------------------------------------------------------
----------------------------- Supply Set Equivalence ----------------------------

	Generated by VCS-G-2012.09 (Build Date = Aug 24 2012 00:09:29) on Fri Nov 9 21:50:02 2012.
	Copyright (c) 1991-2012 by Synopsys Inc.
	Description : This report lists out all the equivalent Supply Sets for Isolation

--------------------------------------------------------------------------------
--------------------------------------------------------------------------------

Power Source 'top/TOP.primary.power' : Ground Source 'top/TOP.primary.ground'
		Equivalent Supply Sets : top/TOP.primary

Power Source 'top/TOP.default_isolation.power' : Ground Source 'top/TOP.default_isolation.ground'
		Equivalent Supply Sets : top/TOP.default_isolation

Power Source 'top/TOP.default_retention.power' : Ground Source 'top/TOP.default_retention.ground'
		Equivalent Supply Sets : top/TOP.default_retention

Power Source 'top/DOWN.primary.power' : Ground Source 'top/DOWN.primary.ground'
		Equivalent Supply Sets : top/DOWN.primary

Power Source 'top/DOWN.default_isolation.power' : Ground Source 'top/DOWN.default_isolation.ground'
		Equivalent Supply Sets : top/DOWN.default_isolation

Power Source 'top/DOWN.default_retention.power' : Ground Source 'top/DOWN.default_retention.ground'
		Equivalent Supply Sets : top/DOWN.default_retention

