--------------------------------------------------------------------------------
--------------------------------------------------------------------------------
----------------------------- Supply Root Details ----------------------------

	Generated by VCS-G-2012.09 (Build Date = Aug 24 2012 00:09:29) on Fri Nov 9 21:50:02 2012.
	Copyright (c) 1991-2012 by Synopsys Inc.
	Description : This report has details on all the type of supply roots in the design

--------------------------------------------------------------------------------
--------------------------------------------------------------------------------

Supply Source : top/VDD : Id = 1 : Type = Supply Port : Driving Net = top/VDD
		Voltage Range From State : min = 0.00, max = 1.00


Supply Source : top/VSS : Id = 2 : Type = Supply Port : Driving Net = top/VSS
		Voltage Range From State : min = 0.00, max = 1.00


Supply Source : top/psw/out : Id = 3 : Type = Supply Port : Driving Net = top/VDDG
		Voltage Range From State : min = 0.00, max = 1.00


Supply Source : top/TOP.primary.power : Id = 4 : Type = Supply Net : Driving Net = top/TOP.primary.power
		Voltage Range From State : min = 0.00, max = 1.00


Supply Source : top/TOP.primary.ground : Id = 5 : Type = Supply Net : Driving Net = top/TOP.primary.ground
		Voltage Range From State : min = 0.00, max = 1.00


Supply Source : top/TOP.default_isolation.power : Id = 6 : Type = Supply Net : Driving Net = top/TOP.default_isolation.power
		Voltage Range From State : min = 0.00, max = 1.00


Supply Source : top/TOP.default_isolation.ground : Id = 7 : Type = Supply Net : Driving Net = top/TOP.default_isolation.ground
		Voltage Range From State : min = 0.00, max = 1.00


Supply Source : top/TOP.default_retention.power : Id = 8 : Type = Supply Net : Driving Net = top/TOP.default_retention.power
		Voltage Range From State : min = 0.00, max = 1.00


Supply Source : top/TOP.default_retention.ground : Id = 9 : Type = Supply Net : Driving Net = top/TOP.default_retention.ground
		Voltage Range From State : min = 0.00, max = 1.00


Supply Source : top/DOWN.primary.power : Id = 10 : Type = Supply Net : Driving Net = top/DOWN.primary.power
		Voltage Range From State : min = 0.00, max = 1.00


Supply Source : top/DOWN.primary.ground : Id = 11 : Type = Supply Net : Driving Net = top/DOWN.primary.ground
		Voltage Range From State : min = 0.00, max = 1.00


Supply Source : top/DOWN.default_isolation.power : Id = 12 : Type = Supply Net : Driving Net = top/DOWN.default_isolation.power
		Voltage Range From State : min = 0.00, max = 1.00


Supply Source : top/DOWN.default_isolation.ground : Id = 13 : Type = Supply Net : Driving Net = top/DOWN.default_isolation.ground
		Voltage Range From State : min = 0.00, max = 1.00


Supply Source : top/DOWN.default_retention.power : Id = 14 : Type = Supply Net : Driving Net = top/DOWN.default_retention.power
		Voltage Range From State : min = 0.00, max = 1.00


Supply Source : top/DOWN.default_retention.ground : Id = 15 : Type = Supply Net : Driving Net = top/DOWN.default_retention.ground
		Voltage Range From State : min = 0.00, max = 1.00


