--------------------------------------------------------------------------------
--------------------------------------------------------------------------------
----------------------------- Low Power State Machine(s) Function Coverage ----------------------------

	Generated by VCS-G-2012.09 (Build Date = Aug 24 2012 00:09:29) on Fri Nov 9 21:50:02 2012.
	Copyright (c) 1991-2012 by Synopsys Inc.
	Description : This report has details on all the State Machines and its states, transitions and sequences used for low power functional coverage.

--------------------------------------------------------------------------------
--------------------------------------------------------------------------------

--------------------------------------------------------------------------------
---------- State Machine (Power Switch) : top/psw.switch_state ----------
--------------------------------------------------------------------------------
STATE                         	LEGAL   	USER DEFINED 	USED
--------------------------------------------------------------------------------
INVALID             	Illegal 	Pre Defined  	Used
on_state            	Legal   	User Defined 	Used
--------------------------------------------------------------------------------

Automatically inferred transitions
--------------------------------------------------------------------------------
Illegal Transition : INVALID => on_state
Illegal Transition : on_state => INVALID
--------------------------------------------------------------------------------
--------------------------------------------------------------------------------

--------------------------------------------------------------------------------
---------- State Machine (Supply Set Simstate) : top/TOP.primary.simstate ----------
--------------------------------------------------------------------------------
STATE                         	LEGAL   	USER DEFINED 	USED
--------------------------------------------------------------------------------
CORRUPT_ON_ACTIVITY 	Legal   	User Defined 	Unused
CORRUPT_STATE_ON_ACTIVITY	Legal   	User Defined 	Unused
NORMAL              	Legal   	User Defined 	Used
CORRUPT             	Legal   	User Defined 	Used
CORRUPT_STATE_ON_CHANGE	Legal   	User Defined 	Unused
--------------------------------------------------------------------------------

Automatically inferred transitions
--------------------------------------------------------------------------------
Legal Transition : NORMAL => CORRUPT
Legal Transition : CORRUPT => NORMAL
--------------------------------------------------------------------------------
--------------------------------------------------------------------------------

--------------------------------------------------------------------------------
---------- State Machine (Supply Set Simstate) : top/DOWN.primary.simstate ----------
--------------------------------------------------------------------------------
STATE                         	LEGAL   	USER DEFINED 	USED
--------------------------------------------------------------------------------
CORRUPT_ON_ACTIVITY 	Legal   	User Defined 	Unused
CORRUPT_STATE_ON_ACTIVITY	Legal   	User Defined 	Unused
NORMAL              	Legal   	User Defined 	Used
CORRUPT             	Legal   	User Defined 	Used
CORRUPT_STATE_ON_CHANGE	Legal   	User Defined 	Unused
--------------------------------------------------------------------------------

Automatically inferred transitions
--------------------------------------------------------------------------------
Legal Transition : NORMAL => CORRUPT
Legal Transition : CORRUPT => NORMAL
--------------------------------------------------------------------------------
--------------------------------------------------------------------------------

--------------------------------------------------------------------------------
---------- State Machine (Supply Set Simstate) : top/TOP.default_isolation.simstate ----------
--------------------------------------------------------------------------------
STATE                         	LEGAL   	USER DEFINED 	USED
--------------------------------------------------------------------------------
CORRUPT_ON_ACTIVITY 	Legal   	User Defined 	Unused
CORRUPT_STATE_ON_ACTIVITY	Legal   	User Defined 	Unused
NORMAL              	Legal   	User Defined 	Used
CORRUPT             	Legal   	User Defined 	Used
CORRUPT_STATE_ON_CHANGE	Legal   	User Defined 	Unused
--------------------------------------------------------------------------------

Automatically inferred transitions
--------------------------------------------------------------------------------
Legal Transition : NORMAL => CORRUPT
Legal Transition : CORRUPT => NORMAL
--------------------------------------------------------------------------------
--------------------------------------------------------------------------------

--------------------------------------------------------------------------------
---------- State Machine (Supply Set Simstate) : top/TOP.default_retention.simstate ----------
--------------------------------------------------------------------------------
STATE                         	LEGAL   	USER DEFINED 	USED
--------------------------------------------------------------------------------
CORRUPT_ON_ACTIVITY 	Legal   	User Defined 	Unused
CORRUPT_STATE_ON_ACTIVITY	Legal   	User Defined 	Unused
NORMAL              	Legal   	User Defined 	Used
CORRUPT             	Legal   	User Defined 	Used
CORRUPT_STATE_ON_CHANGE	Legal   	User Defined 	Unused
--------------------------------------------------------------------------------

Automatically inferred transitions
--------------------------------------------------------------------------------
Legal Transition : NORMAL => CORRUPT
Legal Transition : CORRUPT => NORMAL
--------------------------------------------------------------------------------
--------------------------------------------------------------------------------

--------------------------------------------------------------------------------
---------- State Machine (Supply Set Simstate) : top/DOWN.default_isolation.simstate ----------
--------------------------------------------------------------------------------
STATE                         	LEGAL   	USER DEFINED 	USED
--------------------------------------------------------------------------------
CORRUPT_ON_ACTIVITY 	Legal   	User Defined 	Unused
CORRUPT_STATE_ON_ACTIVITY	Legal   	User Defined 	Unused
NORMAL              	Legal   	User Defined 	Used
CORRUPT             	Legal   	User Defined 	Used
CORRUPT_STATE_ON_CHANGE	Legal   	User Defined 	Unused
--------------------------------------------------------------------------------

Automatically inferred transitions
--------------------------------------------------------------------------------
Legal Transition : NORMAL => CORRUPT
Legal Transition : CORRUPT => NORMAL
--------------------------------------------------------------------------------
--------------------------------------------------------------------------------

--------------------------------------------------------------------------------
---------- State Machine (Supply Set Simstate) : top/DOWN.default_retention.simstate ----------
--------------------------------------------------------------------------------
STATE                         	LEGAL   	USER DEFINED 	USED
--------------------------------------------------------------------------------
CORRUPT_ON_ACTIVITY 	Legal   	User Defined 	Unused
CORRUPT_STATE_ON_ACTIVITY	Legal   	User Defined 	Unused
NORMAL              	Legal   	User Defined 	Used
CORRUPT             	Legal   	User Defined 	Used
CORRUPT_STATE_ON_CHANGE	Legal   	User Defined 	Unused
--------------------------------------------------------------------------------

Automatically inferred transitions
--------------------------------------------------------------------------------
Legal Transition : NORMAL => CORRUPT
Legal Transition : CORRUPT => NORMAL
--------------------------------------------------------------------------------
--------------------------------------------------------------------------------

