--------------------------------------------------------------------------------
--------------------------------------------------------------------------------
----------------------------- Supply Net Details ----------------------------

	Generated by VCS-G-2012.09 (Build Date = Aug 24 2012 00:09:29) on Fri Nov 9 21:50:02 2012.
	Copyright (c) 1991-2012 by Synopsys Inc.
	Description : This report has details on all the type of supply nets in the design

--------------------------------------------------------------------------------
--------------------------------------------------------------------------------

1		top/TOP.primary.power		Implicit Net		Parallel		top/TOP.primary.power		
2		top/TOP.primary.ground		Implicit Net		Parallel		top/TOP.primary.ground		
3		top/TOP.default_isolation.power		Implicit Net		Parallel		top/TOP.default_isolation.power		
4		top/TOP.default_isolation.ground		Implicit Net		Parallel		top/TOP.default_isolation.ground		
5		top/TOP.default_retention.power		Implicit Net		Parallel		top/TOP.default_retention.power		
6		top/TOP.default_retention.ground		Implicit Net		Parallel		top/TOP.default_retention.ground		
7		top/DOWN.primary.power		Implicit Net		Parallel		top/DOWN.primary.power		
8		top/DOWN.primary.ground		Implicit Net		Parallel		top/DOWN.primary.ground		
9		top/DOWN.default_isolation.power		Implicit Net		Parallel		top/DOWN.default_isolation.power		
10		top/DOWN.default_isolation.ground		Implicit Net		Parallel		top/DOWN.default_isolation.ground		
11		top/DOWN.default_retention.power		Implicit Net		Parallel		top/DOWN.default_retention.power		
12		top/DOWN.default_retention.ground		Implicit Net		Parallel		top/DOWN.default_retention.ground		
13		top/VDD		Upf Net		Unresolved		top/VDD		top/VDD
14		top/VDDG		Upf Net		Unresolved		top/psw/out		top/psw/out
15		top/VSS		Upf Net		Unresolved		top/VSS		top/VSS
